app/build/outputs/mapping/release/configuration.txt
# The proguard configuration file for the following section is release\processReleaseResources\aapt_rules.txt
-keep class androidx.camera.core.impl.MetadataHolderService { <init>(); }
-keep class androidx.core.app.CoreComponentFactory { <init>(); }
-keep class androidx.core.content.FileProvider { <init>(); }
-keep class androidx.profileinstaller.ProfileInstallReceiver { <init>(); }
-keep class androidx.startup.InitializationProvider { <init>(); }
-keep class com.geovault.GeoVaultApp { <init>(); }
-keep class com.geovault.LockActivity { <init>(); }
-keep class com.geovault.MainActivity { <init>(); }
-keep class com.geovault.core.ProxyActivity { <init>(); }
-keep class com.geovault.core.ProxyActivity$Stub1 { <init>(); }
-keep class com.geovault.core.ProxyActivity$Stub2 { <init>(); }
-keep class com.geovault.core.ProxyActivity$Stub3 { <init>(); }
-keep class com.geovault.security.UninstallProtectionReceiver { <init>(); }
-keep class com.geovault.service.AppLockerService { <init>(); }
-keep class com.geovault.service.BootReceiver { <init>(); }
-keep class com.geovault.service.NotificationInterceptorService { <init>(); }
-keep class com.geovault.service.WindowChangeDetector { <init>(); }
-keep class com.google.android.gms.common.api.GoogleApiActivity { <init>(); }
-keep class android.widget.Space { <init>(android.content.Context, android.util.AttributeSet); }

-keep class androidx.appcompat.app.AlertController$RecycleListView { <init>(android.content.Context, android.util.AttributeSet); }

-keep class androidx.appcompat.view.menu.ActionMenuItemView { <init>(android.content.Context, android.util.AttributeSet); }

-keep class androidx.appcompat.view.menu.ExpandedMenuView { <init>(android.content.Context, android.util.AttributeSet); }

-keep class androidx.appcompat.view.menu.ListMenuItemView { <init>(android.content.Context, android.util.AttributeSet); }

-keep class androidx.appcompat.widget.ActionBarContainer { <init>(android.content.Context, android.util.AttributeSet); }

-keep class androidx.appcompat.widget.ActionBarContextView { <init>(android.content.Context, android.util.AttributeSet); }

-keep class androidx.appcompat.widget.ActionBarOverlayLayout { <init>(android.content.Context, android.util.AttributeSet); }

-keep class androidx.appcompat.widget.ActionMenuView { <init>(android.content.Context, android.util.AttributeSet); }

-keep class androidx.appcompat.widget.ActivityChooserView$InnerLayout { <init>(android.content.Context, android.util.AttributeSet); }

-keep class androidx.appcompat.widget.AlertDialogLayout { <init>(android.content.Context, android.util.AttributeSet); }

-keep class androidx.appcompat.widget.ButtonBarLayout { <init>(android.content.Context, android.util.AttributeSet); }

-keep class androidx.appcompat.widget.ContentFrameLayout { <init>(android.content.Context, android.util.AttributeSet); }

-keep class androidx.appcompat.widget.DialogTitle { <init>(android.content.Context, android.util.AttributeSet); }

-keep class androidx.appcompat.widget.FitWindowsFrameLayout { <init>(android.content.Context, android.util.AttributeSet); }

-keep class androidx.appcompat.widget.FitWindowsLinearLayout { <init>(android.content.Context, android.util.AttributeSet); }

-keep class androidx.appcompat.widget.SearchView$SearchAutoComplete { <init>(android.content.Context, android.util.AttributeSet); }

-keep class androidx.appcompat.widget.Toolbar { <init>(android.content.Context, android.util.AttributeSet); }

-keep class androidx.appcompat.widget.ViewStubCompat { <init>(android.content.Context, android.util.AttributeSet); }

-keep class androidx.core.widget.NestedScrollView { <init>(android.content.Context, android.util.AttributeSet); }

-keep class androidx.media3.ui.AspectRatioFrameLayout { <init>(android.content.Context, android.util.AttributeSet); }

-keep class androidx.media3.ui.SubtitleView { <init>(android.content.Context, android.util.AttributeSet); }

-keep class androidx.media3.ui.TrackSelectionView { <init>(android.content.Context, android.util.AttributeSet); }

-keep class androidx.recyclerview.widget.RecyclerView { <init>(android.content.Context, android.util.AttributeSet); }

-keep class org.maplibre.android.annotations.BubbleLayout { <init>(android.content.Context, android.util.AttributeSet); }


# End of content from release\processReleaseResources\aapt_rules.txt
# The proguard configuration file for the following section is Android Gradle plugin 9.2.1 (extracted file: C:\my projects\file lock\app\build\intermediates\default_proguard_files\global\proguard-android-optimize.txt-9.2.1)
# This is a configuration file for ProGuard.
# http://proguard.sourceforge.net/index.html#manual/usage.html
#
# Starting with version 2.2 of the Android plugin for Gradle, this file is distributed together with
# the plugin and unpacked at build-time. The files in $ANDROID_HOME are no longer maintained and
# will be ignored by new version of the Android plugin for Gradle.

# Optimizations: If you don't want to optimize, use the proguard-android.txt configuration file
# instead of this one, which turns off the optimization flags.
-allowaccessmodification

# Preserve some attributes that may be required for reflection.
-keepattributes AnnotationDefault,
                EnclosingMethod,
                InnerClasses,
                RuntimeVisibleAnnotations,
                RuntimeVisibleParameterAnnotations,
                RuntimeVisibleTypeAnnotations,
                Signature

-keep public class com.google.vending.licensing.ILicensingService
-keep public class com.android.vending.licensing.ILicensingService
-keep public class com.google.android.vending.licensing.ILicensingService
-dontnote com.android.vending.licensing.ILicensingService
-dontnote com.google.vending.licensing.ILicensingService
-dontnote com.google.android.vending.licensing.ILicensingService

# For native methods, see https://www.guardsquare.com/manual/configuration/examples#native
-keepclasseswithmembernames,includedescriptorclasses class * {
    native <methods>;
}

# Keep setters in Views so that animations can still work.
-keepclassmembers public class * extends android.view.View {
    void set*(***);
    *** get*();
}

# We want to keep methods in Activity that could be used in the XML attribute onClick.
-keepclassmembers class * extends android.app.Activity {
    public void *(android.view.View);
}

# For enumeration classes, see https://www.guardsquare.com/manual/configuration/examples#enumerations
-keepclassmembers enum * {
    public static **[] values();
    public static ** valueOf(java.lang.String);
}

-keepclassmembers class * implements android.os.Parcelable {
    public static final ** CREATOR;
}

# Preserve annotated Javascript interface methods.
-keepclassmembers class * {
    @android.webkit.JavascriptInterface <methods>;
}

# The support libraries contains references to newer platform versions.
# Don't warn about those in case this app is linking against an older
# platform version. We know about them, and they are safe.
-dontnote android.support.**
-dontnote androidx.**
-dontwarn android.support.**
-dontwarn androidx.**

# Understand the @Keep support annotation.
-keep class android.support.annotation.Keep

-keep @android.support.annotation.Keep class * {*;}

-keepclasseswithmembers class * {
    @android.support.annotation.Keep <methods>;
}

-keepclasseswithmembers class * {
    @android.support.annotation.Keep <fields>;
}

-keepclasseswithmembers class * {
    @android.support.annotation.Keep <init>(...);
}

# These classes are duplicated between android.jar and org.apache.http.legacy.jar.
-dontnote org.apache.http.**
-dontnote android.net.http.**

# These classes are duplicated between android.jar and core-lambda-stubs.jar.
-dontnote java.lang.invoke.**

# End of content from Android Gradle plugin 9.2.1 (extracted file: C:\my projects\file lock\app\build\intermediates\default_proguard_files\global\proguard-android-optimize.txt-9.2.1)
# The proguard configuration file for the following section is file lock\app\proguard-rules.pro
# Add project specific ProGuard rules here.
# By default, the flags in this file are appended to flags specified
# in C:\Users\anilp\AppData\Local\Android\Sdk/tools/proguard/proguard-android.txt
# You can edit the include path and order by changing the proguardFiles
# directive in build.gradle.

# MapLibre Specific Rules
-keep class org.maplibre.** { *; }
-dontwarn org.maplibre.**

# Keep generic security related classes
-keep class com.geovault.security.** { *; }

# Kotlin Serialization or other libraries might need rules if added later.

# End of content from file lock\app\proguard-rules.pro
# The proguard configuration file for the following section is androidx.biometric:biometric:1.2.0-alpha05 (extracted file: C:\Users\anilp\.gradle\caches\9.4.1\transforms\8e14c67196cdf6117b1e497055ea7eb3\transformed\biometric-1.2.0-alpha05\proguard.txt)
# Copyright (C) 2020 The Android Open Source Project
#
# Licensed under the Apache License, Version 2.0 (the "License");
# you may not use this file except in compliance with the License.
# You may obtain a copy of the License at
#
#      http://www.apache.org/licenses/LICENSE-2.0
#
# Unless required by applicable law or agreed to in writing, software
# distributed under the License is distributed on an "AS IS" BASIS,
# WITHOUT WARRANTIES OR CONDITIONS OF ANY KIND, either express or implied.
# See the License for the specific language governing permissions and
# limitations under the License.

# Never inline methods, but allow shrinking and obfuscation.
-keepclassmembernames,allowobfuscation,allowshrinking
        class androidx.biometric.AuthenticationCallbackProvider$Api* {
    <methods>;
}
-keepclassmembernames,allowobfuscation,allowshrinking
        class androidx.biometric.BiometricFragment$Api* {
    <methods>;
}
-keepclassmembernames,allowobfuscation,allowshrinking
        class androidx.biometric.BiometricManager$Api* {
    <methods>;
}
-keepclassmembernames,allowobfuscation,allowshrinking
        class androidx.biometric.CancellationSignalProvider$Api* {
    <methods>;
}
-keepclassmembernames,allowobfuscation,allowshrinking
        class androidx.biometric.CryptoObjectUtils$Api* {
    <methods>;
}
-keepclassmembernames,allowobfuscation,allowshrinking
        class androidx.biometric.FingerprintDialogFragment$Api* {
    <methods>;
}
-keepclassmembernames,allowobfuscation,allowshrinking
        class androidx.biometric.KeyguardUtils$Api* {
    <methods>;
}
-keepclassmembernames,allowobfuscation,allowshrinking
        class androidx.biometric.PackageUtils$Api* {
    <methods>;
}

# End of content from androidx.biometric:biometric:1.2.0-alpha05 (extracted file: C:\Users\anilp\.gradle\caches\9.4.1\transforms\8e14c67196cdf6117b1e497055ea7eb3\transformed\biometric-1.2.0-alpha05\proguard.txt)
# The proguard configuration file for the following section is org.maplibre.gl:android-sdk:11.5.1 (extracted file: C:\Users\anilp\.gradle\caches\9.4.1\transforms\c811766665f2dca53b24aea4caa35108\transformed\android-sdk-11.5.1\proguard.txt)
# By default, the flags in this file are appended to flags specified
# in ../sdk/tools/proguard/proguard-android.txt,
# contents of this file will be appended into proguard-android.txt
-keepattributes Signature, *Annotation*, EnclosingMethod

# Reflection on classes from native code
-keep class com.google.gson.JsonArray { *; }
-keep class com.google.gson.JsonElement { *; }
-keep class com.google.gson.JsonObject { *; }
-keep class com.google.gson.JsonPrimitive { *; }
-dontnote com.google.gson.**
-keep enum org.maplibre.android.tile.TileOperation
-keepclassmembers class * extends java.lang.Enum {
    <fields>;
    public static **[] values();
    public static ** valueOf(java.lang.String);
}

# dontnote for keeps the entry point x but not the descriptor class y
-dontnote org.maplibre.android.maps.MapLibreMap$OnFpsChangedListener
-dontnote org.maplibre.android.style.layers.PropertyValue
-dontnote org.maplibre.android.maps.MapLibreMap
-dontnote org.maplibre.android.maps.MapLibreMapOptions
-dontnote org.maplibre.android.log.LoggerDefinition

# config for mapbox-sdk-geojson:3.0.1
-keep class org.maplibre.geojson.** { *; }
-dontwarn com.google.auto.value.**

# config for additional notes
-dontnote org.robolectric.Robolectric
-dontnote libcore.io.Memory
-dontnote com.google.protobuf.**
-dontnote android.net.**
-dontnote org.apache.http.**

# config for mapbox-sdk-services
# while we don't include this dependency directly
# a large amount of users combine it with our SDK
# we aren't able to provide a proguard config in that project (jar vs aar)
-dontwarn com.sun.xml.internal.ws.spi.db.*
# End of content from org.maplibre.gl:android-sdk:11.5.1 (extracted file: C:\Users\anilp\.gradle\caches\9.4.1\transforms\c811766665f2dca53b24aea4caa35108\transformed\android-sdk-11.5.1\proguard.txt)
# The proguard configuration file for the following section is com.google.android.gms:play-services-base:18.5.0 (extracted file: C:\Users\anilp\.gradle\caches\9.4.1\transforms\883beef5dbdf4efd426b038435743b43\transformed\play-services-base-18.5.0\proguard.txt)
# b/35135904 Ensure that proguard will not strip the mResultGuardian.
-keepclassmembers class com.google.android.gms.common.api.internal.BasePendingResult {
  com.google.android.gms.common.api.internal.BasePendingResult$ReleasableResultGuardian mResultGuardian;
}



# End of content from com.google.android.gms:play-services-base:18.5.0 (extracted file: C:\Users\anilp\.gradle\caches\9.4.1\transforms\883beef5dbdf4efd426b038435743b43\transformed\play-services-base-18.5.0\proguard.txt)
# The proguard configuration file for the following section is com.google.android.gms:play-services-tasks:18.2.0 (extracted file: C:\Users\anilp\.gradle\caches\9.4.1\transforms\4509af02176706a406553c679f69c128\transformed\play-services-tasks-18.2.0\proguard.txt)


# End of content from com.google.android.gms:play-services-tasks:18.2.0 (extracted file: C:\Users\anilp\.gradle\caches\9.4.1\transforms\4509af02176706a406553c679f69c128\transformed\play-services-tasks-18.2.0\proguard.txt)
# The proguard configuration file for the following section is com.google.android.gms:play-services-basement:18.4.0 (extracted file: C:\Users\anilp\.gradle\caches\9.4.1\transforms\e14467b749f1d1bca3fa678faaba4176\transformed\play-services-basement-18.4.0\proguard.txt)
# Needed when building against pre-Marshmallow SDK.
-dontwarn android.security.NetworkSecurityPolicy

# Needed when building against Marshmallow SDK.
-dontwarn android.app.Notification

# Protobuf has references not on the Android boot classpath
-dontwarn sun.misc.Unsafe
-dontwarn libcore.io.Memory

# Annotations used during internal SDK shrinking.
-dontwarn com.google.android.apps.common.proguard.UsedBy*
-dontwarn com.google.android.apps.common.proguard.SideEffectFree

# Annotations referenced by the SDK but whose definitions are contained in
# non-required dependencies.
-dontwarn javax.annotation.**
-dontwarn org.checkerframework.**
-dontwarn com.google.errorprone.annotations.**
-dontwarn org.jspecify.nullness.NullMarked

# Annotations no longer exist. Suppression prevents ProGuard failures in
# SDKs which depend on earlier versions of play-services-basement.
-dontwarn com.google.android.gms.common.util.VisibleForTesting

# Proguard flags for consumers of the Google Play services SDK
# https://developers.google.com/android/guides/setup#add_google_play_services_to_your_project

# Keep SafeParcelable NULL value, needed for reflection by DowngradeableSafeParcel
-keepclassmembers public class com.google.android.gms.common.internal.safeparcel.SafeParcelable {
    public static final *** NULL;
}

# Needed for Parcelable/SafeParcelable classes & their creators to not get renamed, as they are
# found via reflection.
-keep class com.google.android.gms.common.internal.ReflectedParcelable
-keepnames class * implements com.google.android.gms.common.internal.ReflectedParcelable
-keepclassmembers class * implements android.os.Parcelable {
  public static final *** CREATOR;
}

# Keep the classes/members we need for client functionality.
-keep @interface android.support.annotation.Keep
-keep @androidx.annotation.Keep class *
-keepclasseswithmembers class * {
  @androidx.annotation.Keep <fields>;
}
-keepclasseswithmembers class * {
  @androidx.annotation.Keep <methods>;
}

# Keep androidX equivalent of above android.support to allow Jetification.
-keep @interface androidx.annotation.Keep
-keep @androidx.annotation.Keep class *
-keepclasseswithmembers class * {
  @androidx.annotation.Keep <fields>;
}
-keepclasseswithmembers class * {
  @androidx.annotation.Keep <methods>;
}

# Keep the names of classes/members we need for client functionality.
-keep @interface com.google.android.gms.common.annotation.KeepName
-keepnames @com.google.android.gms.common.annotation.KeepName class *
-keepclassmembernames class * {
  @com.google.android.gms.common.annotation.KeepName *;
}

# Keep Dynamite API entry points
-keep @interface com.google.android.gms.common.util.DynamiteApi
-keep @com.google.android.gms.common.util.DynamiteApi public class * {
  public <fields>;
  public <methods>;
}



# End of content from com.google.android.gms:play-services-basement:18.4.0 (extracted file: C:\Users\anilp\.gradle\caches\9.4.1\transforms\e14467b749f1d1bca3fa678faaba4176\transformed\play-services-basement-18.4.0\proguard.txt)
# The proguard configuration file for the following section is androidx.camera:camera-core:1.4.0 (extracted file: C:\Users\anilp\.gradle\caches\9.4.1\transforms\2a8254fbc5c914eafd139d9cd0da2246\transformed\camera-core-1.4.0\proguard.txt)
# Copyright (C) 2023 The Android Open Source Project
#
# Licensed under the Apache License, Version 2.0 (the "License");
# you may not use this file except in compliance with the License.
# You may obtain a copy of the License at
#
#      http://www.apache.org/licenses/LICENSE-2.0
#
# Unless required by applicable law or agreed to in writing, software
# distributed under the License is distributed on an "AS IS" BASIS,
# WITHOUT WARRANTIES OR CONDITIONS OF ANY KIND, either express or implied.
# See the License for the specific language governing permissions and
# limitations under the License.

# Keeps the quirk classes to prevent them from being merged incorrectly. For more information,
# please see b/278818703. Preserve Quirk subclasses and their names for correct name mapping in
# QuirkSettings.
-keep,allowshrinking class ** extends androidx.camera.core.impl.Quirk

# End of content from androidx.camera:camera-core:1.4.0 (extracted file: C:\Users\anilp\.gradle\caches\9.4.1\transforms\2a8254fbc5c914eafd139d9cd0da2246\transformed\camera-core-1.4.0\proguard.txt)
# The proguard configuration file for the following section is androidx.camera:camera-camera2:1.4.0 (extracted file: C:\Users\anilp\.gradle\caches\9.4.1\transforms\834f54281739f2084f484ebfb52863d9\transformed\camera-camera2-1.4.0\proguard.txt)
# Copyright (C) 2020 The Android Open Source Project
#
# Licensed under the Apache License, Version 2.0 (the "License");
# you may not use this file except in compliance with the License.
# You may obtain a copy of the License at
#
#      http://www.apache.org/licenses/LICENSE-2.0
#
# Unless required by applicable law or agreed to in writing, software
# distributed under the License is distributed on an "AS IS" BASIS,
# WITHOUT WARRANTIES OR CONDITIONS OF ANY KIND, either express or implied.
# See the License for the specific language governing permissions and
# limitations under the License.

# This is necessary for default initialization using Camera2Config
-keep public class androidx.camera.camera2.Camera2Config$DefaultProvider { *; }

# End of content from androidx.camera:camera-camera2:1.4.0 (extracted file: C:\Users\anilp\.gradle\caches\9.4.1\transforms\834f54281739f2084f484ebfb52863d9\transformed\camera-camera2-1.4.0\proguard.txt)