app/build/outputs/mapping/release/seeds.txt
com.geovault.security.CryptoManager
com.geovault.security.IntruderManager$captureIntruder$1$onCaptureSuccess$1
com.geovault.security.SecureManager$Companion
com.geovault.core.ProxyActivity$Stub1
com.geovault.core.ProxyActivity
com.geovault.service.NotificationInterceptorService
com.geovault.ui.VaultViewModel
com.geovault.security.IntruderManager$captureIntruder$1
com.geovault.LockActivity
com.geovault.MainActivity
com.geovault.security.IntruderManager$Companion
com.geovault.core.ProxyActivity$Stub3
com.geovault.security.IntruderManager$captureIntruder$1$onCaptureSuccess$1$1
com.geovault.service.BootReceiver
com.geovault.security.CryptoManager$Companion
com.geovault.service.WindowChangeDetector
com.geovault.security.UninstallProtectionReceiver
com.geovault.GeoVaultApp
com.geovault.core.ProxyActivity$Stub2
com.geovault.security.SecureManager
com.geovault.security.IntruderManager
com.geovault.service.AppLockerService
com.geovault.security.IntruderManager$captureIntruder$1$onCaptureSuccess$1$1: kotlin.jvm.functions.Function1 $onCaptured
com.geovault.security.IntruderManager: com.geovault.security.IntruderManager INSTANCE
com.geovault.security.SecureManager: android.content.SharedPreferences prefs
com.geovault.security.IntruderManager$captureIntruder$1$onCaptureSuccess$1: kotlin.jvm.functions.Function1 $onCaptured
com.geovault.security.CryptoManager: java.lang.String BLOCK_MODE
com.geovault.security.SecureManager: int $stable
com.geovault.security.IntruderManager: androidx.camera.core.ImageCapture imageCapture
com.geovault.model.LockType: com.geovault.model.LockType[] $VALUES
com.geovault.model.LockType: com.geovault.model.LockType FINGERPRINT
com.geovault.security.IntruderManager$captureIntruder$1: kotlin.jvm.functions.Function1 $onCaptured
com.geovault.security.SecureManager: androidx.security.crypto.MasterKey masterKey
com.geovault.model.FileCategory: com.geovault.model.FileCategory VIDEO
com.geovault.security.IntruderManager$captureIntruder$1: com.geovault.security.IntruderManager this$0
com.geovault.model.FileCategory: com.geovault.model.FileCategory OTHER
com.geovault.model.LockType: com.geovault.model.LockType PATTERN
com.geovault.security.IntruderManager$captureIntruder$1: java.io.File $photoFile
com.geovault.security.IntruderManager$captureIntruder$1$onCaptureSuccess$1$1: android.net.Uri $savedUri
com.geovault.model.FileCategory: com.geovault.model.FileCategory AUDIO
com.geovault.security.SecureManager: com.geovault.security.SecureManager INSTANCE
com.geovault.security.UninstallProtectionReceiver: int $stable
com.geovault.security.IntruderManager: com.geovault.security.IntruderManager$Companion Companion
com.geovault.security.IntruderManager$captureIntruder$1$onCaptureSuccess$1: java.lang.Object L$0
com.geovault.security.CryptoManager: java.lang.String ALIAS
com.geovault.security.IntruderManager$captureIntruder$1$onCaptureSuccess$1: java.io.File $photoFile
com.geovault.security.CryptoManager: com.geovault.security.CryptoManager$Companion Companion
com.geovault.model.LockType: com.geovault.model.LockType PIN
com.geovault.model.FileCategory: com.geovault.model.FileCategory INTRUDER
com.geovault.security.IntruderManager$captureIntruder$1$onCaptureSuccess$1: java.lang.Object L$1
com.geovault.security.IntruderManager: android.content.Context appContext
com.geovault.security.IntruderManager: kotlinx.coroutines.CoroutineScope serviceScope
com.geovault.security.SecureManager: com.geovault.security.SecureManager$Companion Companion
com.geovault.security.IntruderManager: com.geovault.security.CryptoManager cryptoManager
com.geovault.security.CryptoManager: java.lang.String ALGORITHM
com.geovault.model.LockType: kotlin.enums.EnumEntries $ENTRIES
com.geovault.security.CryptoManager: int $stable
com.geovault.security.IntruderManager$captureIntruder$1$onCaptureSuccess$1: java.lang.Object L$3
com.geovault.security.CryptoManager: java.lang.String PADDING
com.geovault.model.FileCategory: com.geovault.model.FileCategory PHOTO
...
androidx.appcompat.widget.AppCompatTextView: android.content.res.ColorStateList getSupportCompoundDrawablesTintList()
org.maplibre.android.style.layers.SymbolLayer: org.maplibre.android.style.layers.PropertyValue getIconOpacity()
androidx.appcompat.widget.AppCompatTextView: android.graphics.PorterDuff$Mode getSupportBackgroundTintMode()
androidx.camera.lifecycle.LifecycleCamera: void onResume(androidx.lifecycle.LifecycleOwner)
org.maplibre.android.location.LayerBitmapProvider: android.graphics.Bitmap generateBitmap(int,java.lang.Integer)
org.maplibre.android.style.sources.GeoJsonSource: void initialize(java.lang.String,java.lang.Object)
org.maplibre.android.annotations.PolygonOptions: org.maplibre.android.annotations.PolygonOptions addHole(java.util.List)
org.maplibre.android.style.layers.PropertyFactory: org.maplibre.android.style.layers.PropertyValue circleSortKey(org.maplibre.android.style.expressions.Expression)
org.maplibre.turf.models.LineIntersectsResult: org.maplibre.turf.models.LineIntersectsResult$Builder toBuilder()
org.maplibre.android.geometry.LatLng: void writeToParcel(android.os.Parcel,int)
org.maplibre.android.R$styleable: R$styleable()
org.maplibre.android.LibraryLoader: void load()
androidx.compose.ui.platform.AndroidComposeView: void getTextInputService$annotations()
com.caverock.androidsvg.SVG$Style$VectorEffect: com.caverock.androidsvg.SVG$Style$VectorEffect[] values()
org.maplibre.android.maps.MapChangeReceiver: void onDidFinishRenderingMap(boolean)
org.maplibre.android.location.LocationPropertyFactory: org.maplibre.android.style.layers.PropertyValue perspectiveCompensation(java.lang.Float)
org.maplibre.android.gestures.AndroidGesturesManager: AndroidGesturesManager(android.content.Context,java.util.Set[])
org.maplibre.android.maps.renderer.egl.EGLLogWrapper: javax.microedition.khronos.egl.EGLContext eglCreateContext(javax.microedition.khronos.egl.EGLDisplay,javax.microedition.khronos.egl.EGLConfig,javax.microedition.khronos.egl.EGLContext,int[])
org.maplibre.android.maps.MapView: void onStop()
androidx.compose.ui.internal.InlineClassHelperKt: void throwIllegalArgumentException(java.lang.String)
org.maplibre.android.annotations.IconFactory: org.maplibre.android.annotations.Icon fromBitmap(android.graphics.Bitmap)
org.maplibre.android.style.expressions.Expression: org.maplibre.android.style.expressions.Expression mod(org.maplibre.android.style.expressions.Expression,org.maplibre.android.style.expressions.Expression)
org.maplibre.android.style.layers.SymbolLayer: int getTextColorAsInt()
androidx.compose.ui.platform.AndroidComposeView: androidx.compose.ui.platform.ComposeViewContext get_composeViewContext()
org.maplibre.android.maps.NativeMap: void addLayer(org.maplibre.android.style.layers.Layer)
androidx.compose.ui.viewinterop.ViewFactoryHolder: androidx.compose.ui.platform.AbstractComposeView getSubCompositionView()
org.maplibre.android.offline.OfflineRegion$delete$1: OfflineRegion$delete$1(org.maplibre.android.offline.OfflineRegion,org.maplibre.android.offline.OfflineRegion$OfflineRegionDeleteCallback)
org.maplibre.android.maps.MapView: void addOnCameraWillChangeListener(org.maplibre.android.maps.MapView$OnCameraWillChangeListener)
androidx.appcompat.widget.Toolbar: void setPopupTheme(int)
org.maplibre.android.location.engine.LocationEngineRequest: int hashCode()
org.maplibre.android.camera.CameraUpdateFactory$CameraPositionUpdate: org.maplibre.android.camera.CameraPosition getCameraPosition(org.maplibre.android.maps.MapLibreMap)
androidx.appcompat.widget.AppCompatMultiAutoCompleteTextView: void setBackgroundDrawable(android.graphics.drawable.Drawable)
org.maplibre.android.style.layers.HeatmapLayer: org.maplibre.android.style.layers.TransitionOptions getHeatmapIntensityTransition()
org.maplibre.android.maps.UiSettings: void setScrollGesturesEnabled(boolean)
org.maplibre.android.maps.MapView: org.maplibre.android.maps.widgets.CompassView initialiseCompassView()